<?xml version="1.0" encoding="UTF-8"?>
<testng-results ignored="6" total="9" passed="3" failed="0" skipped="0">
  <reporter-output>
  </reporter-output>
  <suite started-at="2024-02-25T14:37:24 GMT+07:00" name="All Test Suite" finished-at="2024-02-25T14:37:29 GMT+07:00" duration-ms="4737">
    <groups>
    </groups>
    <test started-at="2024-02-25T14:37:24 GMT+07:00" name="CreateUser" finished-at="2024-02-25T14:37:29 GMT+07:00" duration-ms="4239">
      <class name="tests.UserIsSet.UserIsSetTest">
        <test-method signature="openBankPageAndCreateUser()[pri:0, instance:tests.UserIsSet.UserIsSetTest@16a2ed51]" started-at="2024-02-25T14:37:24 GMT+07:00" name="openBankPageAndCreateUser" finished-at="2024-02-25T14:37:28 GMT+07:00" duration-ms="4095" status="PASS">
          <reporter-output>
          </reporter-output>
        </test-method> <!-- openBankPageAndCreateUser -->
      </class> <!-- tests.UserIsSet.UserIsSetTest -->
    </test> <!-- CreateUser -->
    <test started-at="2024-02-25T14:37:29 GMT+07:00" name="SortNamesInList" finished-at="2024-02-25T14:37:29 GMT+07:00" duration-ms="174">
      <class name="tests.UserIsSet.UserIsSetTest">
        <test-method signature="sortCustomersByFirstName()[pri:0, instance:tests.UserIsSet.UserIsSetTest@4dc7cd1c]" started-at="2024-02-25T14:37:29 GMT+07:00" name="sortCustomersByFirstName" finished-at="2024-02-25T14:37:29 GMT+07:00" duration-ms="171" status="PASS">
          <reporter-output>
          </reporter-output>
        </test-method> <!-- sortCustomersByFirstName -->
      </class> <!-- tests.UserIsSet.UserIsSetTest -->
    </test> <!-- SortNamesInList -->
    <test started-at="2024-02-25T14:37:29 GMT+07:00" name="DeleteUser" finished-at="2024-02-25T14:37:29 GMT+07:00" duration-ms="288">
      <class name="tests.UserIsSet.UserIsSetTest">
        <test-method signature="deleteUserFromTable()[pri:0, instance:tests.UserIsSet.UserIsSetTest@2ceca2ef]" started-at="2024-02-25T14:37:29 GMT+07:00" name="deleteUserFromTable" finished-at="2024-02-25T14:37:29 GMT+07:00" duration-ms="221" status="PASS">
          <reporter-output>
          </reporter-output>
        </test-method> <!-- deleteUserFromTable -->
      </class> <!-- tests.UserIsSet.UserIsSetTest -->
    </test> <!-- DeleteUser -->
  </suite> <!-- All Test Suite -->
</testng-results>
