<?xml version="1.0" encoding="UTF-8"?>
<!-- Generated by org.testng.reporters.JUnitXMLReporter -->
<testsuite ignored="2" hostname="DESKTOP-VRF84E6" failures="0" tests="1" name="CreateUser" time="3.815" errors="0" timestamp="2024-02-27T00:59:16 GMT+07:00">
  <testcase classname="tests.UserIsSet.UserIsSetTest" name="openBankPageAndCreateUser" time="3.7"/>
  <testcase classname="tests.UserIsSet.UserIsSetTest" name="deleteUserFromTable" time="0.0">
    <ignored/>
  </testcase> <!-- deleteUserFromTable -->
  <testcase classname="tests.UserIsSet.UserIsSetTest" name="sortCustomersByFirstName" time="0.0">
    <ignored/>
  </testcase> <!-- sortCustomersByFirstName -->
</testsuite> <!-- CreateUser -->
