<?xml version="1.0" encoding="UTF-8"?>
<!-- Generated by org.testng.reporters.JUnitXMLReporter -->
<testsuite ignored="2" hostname="DESKTOP-VRF84E6" failures="0" tests="1" name="DeleteUser" time="0.286" errors="0" timestamp="2024-02-25T17:05:51 GMT+07:00">
  <testcase classname="tests.UserIsSet.UserIsSetTest" name="deleteUserFromTable" time="0.212"/>
  <testcase classname="tests.UserIsSet.UserIsSetTest" name="sortCustomersByFirstName" time="0.0">
    <ignored/>
  </testcase> <!-- sortCustomersByFirstName -->
  <testcase classname="tests.UserIsSet.UserIsSetTest" name="openBankPageAndCreateUser" time="0.0">
    <ignored/>
  </testcase> <!-- openBankPageAndCreateUser -->
</testsuite> <!-- DeleteUser -->
