<?xml version="1.0" encoding="UTF-8"?>
<!-- Generated by org.testng.reporters.JUnitXMLReporter -->
<testsuite ignored="2" hostname="DESKTOP-VRF84E6" failures="0" tests="1" name="SortNamesInList" time="0.177" errors="0" timestamp="2024-02-25T14:52:12 GMT+07:00">
  <testcase classname="tests.UserIsSet.UserIsSetTest" name="sortCustomersByFirstName" time="0.174"/>
  <testcase classname="tests.UserIsSet.UserIsSetTest" name="deleteUserFromTable" time="0.0">
    <ignored/>
  </testcase> <!-- deleteUserFromTable -->
  <testcase classname="tests.UserIsSet.UserIsSetTest" name="openBankPageAndCreateUser" time="0.0">
    <ignored/>
  </testcase> <!-- openBankPageAndCreateUser -->
</testsuite> <!-- SortNamesInList -->
